<?xml version="1.0" encoding="UTF-8"?>
<testsuite xmlns:xsi="http://www.w3.org/2001/XMLSchema-instance" xsi:noNamespaceSchemaLocation="https://maven.apache.org/surefire/maven-surefire-plugin/xsd/surefire-test-report-3.0.xsd" version="3.0" name="PublicAPITest" time="0.373" tests="6" errors="0" skipped="0" failures="0">
  <properties>
    <property name="java.specification.version" value="17"/>
    <property name="sun.jnu.encoding" value="UTF-8"/>
    <property name="java.class.path" value="/mnt/c/Users/Mark/.Dev/Dev-Synced/COM0000-Gotesman_Mark_2018243426-GITHUB-PUSH/Parallel/trade-server/target/test-classes:/mnt/c/Users/Mark/.Dev/Dev-Synced/COM0000-Gotesman_Mark_2018243426-GITHUB-PUSH/Parallel/trade-server/target/classes:/root/.m2/repository/com/google/code/gson/gson/2.10.1/gson-2.10.1.jar:/root/.m2/repository/org/springframework/spring-web/6.1.0/spring-web-6.1.0.jar:/root/.m2/repository/org/springframework/spring-beans/6.1.0/spring-beans-6.1.0.jar:/root/.m2/repository/org/springframework/spring-core/6.1.0/spring-core-6.1.0.jar:/root/.m2/repository/org/springframework/spring-jcl/6.1.0/spring-jcl-6.1.0.jar:/root/.m2/repository/io/micrometer/micrometer-observation/1.12.0/micrometer-observation-1.12.0.jar:/root/.m2/repository/io/micrometer/micrometer-commons/1.12.0/micrometer-commons-1.12.0.jar:/root/.m2/repository/org/junit/jupiter/junit-jupiter/5.9.0/junit-jupiter-5.9.0.jar:/root/.m2/repository/org/junit/jupiter/junit-jupiter-api/5.9.0/junit-jupiter-api-5.9.0.jar:/root/.m2/repository/org/opentest4j/opentest4j/1.2.0/opentest4j-1.2.0.jar:/root/.m2/repository/org/junit/platform/junit-platform-commons/1.9.0/junit-platform-commons-1.9.0.jar:/root/.m2/repository/org/apiguardian/apiguardian-api/1.1.2/apiguardian-api-1.1.2.jar:/root/.m2/repository/org/junit/jupiter/junit-jupiter-params/5.9.0/junit-jupiter-params-5.9.0.jar:/root/.m2/repository/org/junit/jupiter/junit-jupiter-engine/5.9.0/junit-jupiter-engine-5.9.0.jar:/root/.m2/repository/org/junit/platform/junit-platform-engine/1.9.0/junit-platform-engine-1.9.0.jar:/root/.m2/repository/org/apache/logging/log4j/log4j-core/2.19.0/log4j-core-2.19.0.jar:/root/.m2/repository/org/apache/logging/log4j/log4j-api/2.19.0/log4j-api-2.19.0.jar:/root/.m2/repository/org/json/json/20231013/json-20231013.jar:"/>
    <property name="java.vm.vendor" value="Private Build"/>
    <property name="sun.arch.data.model" value="64"/>
    <property name="java.vendor.url" value="Unknown"/>
    <property name="user.timezone" value="America/New_York"/>
    <property name="os.name" value="Linux"/>
    <property name="java.vm.specification.version" value="17"/>
    <property name="sun.java.launcher" value="SUN_STANDARD"/>
    <property name="sun.boot.library.path" value="/usr/lib/jvm/java-17-openjdk-amd64/lib"/>
    <property name="sun.java.command" value="/mnt/c/Users/Mark/.Dev/Dev-Synced/COM0000-Gotesman_Mark_2018243426-GITHUB-PUSH/Parallel/trade-server/target/surefire/surefirebooter-20231124120107149_3.jar /mnt/c/Users/Mark/.Dev/Dev-Synced/COM0000-Gotesman_Mark_2018243426-GITHUB-PUSH/Parallel/trade-server/target/surefire 2023-11-24T12-01-06_885-jvmRun1 surefire-20231124120107149_1tmp surefire_0-20231124120107149_2tmp"/>
    <property name="jdk.debug" value="release"/>
    <property name="surefire.test.class.path" value="/mnt/c/Users/Mark/.Dev/Dev-Synced/COM0000-Gotesman_Mark_2018243426-GITHUB-PUSH/Parallel/trade-server/target/test-classes:/mnt/c/Users/Mark/.Dev/Dev-Synced/COM0000-Gotesman_Mark_2018243426-GITHUB-PUSH/Parallel/trade-server/target/classes:/root/.m2/repository/com/google/code/gson/gson/2.10.1/gson-2.10.1.jar:/root/.m2/repository/org/springframework/spring-web/6.1.0/spring-web-6.1.0.jar:/root/.m2/repository/org/springframework/spring-beans/6.1.0/spring-beans-6.1.0.jar:/root/.m2/repository/org/springframework/spring-core/6.1.0/spring-core-6.1.0.jar:/root/.m2/repository/org/springframework/spring-jcl/6.1.0/spring-jcl-6.1.0.jar:/root/.m2/repository/io/micrometer/micrometer-observation/1.12.0/micrometer-observation-1.12.0.jar:/root/.m2/repository/io/micrometer/micrometer-commons/1.12.0/micrometer-commons-1.12.0.jar:/root/.m2/repository/org/junit/jupiter/junit-jupiter/5.9.0/junit-jupiter-5.9.0.jar:/root/.m2/repository/org/junit/jupiter/junit-jupiter-api/5.9.0/junit-jupiter-api-5.9.0.jar:/root/.m2/repository/org/opentest4j/opentest4j/1.2.0/opentest4j-1.2.0.jar:/root/.m2/repository/org/junit/platform/junit-platform-commons/1.9.0/junit-platform-commons-1.9.0.jar:/root/.m2/repository/org/apiguardian/apiguardian-api/1.1.2/apiguardian-api-1.1.2.jar:/root/.m2/repository/org/junit/jupiter/junit-jupiter-params/5.9.0/junit-jupiter-params-5.9.0.jar:/root/.m2/repository/org/junit/jupiter/junit-jupiter-engine/5.9.0/junit-jupiter-engine-5.9.0.jar:/root/.m2/repository/org/junit/platform/junit-platform-engine/1.9.0/junit-platform-engine-1.9.0.jar:/root/.m2/repository/org/apache/logging/log4j/log4j-core/2.19.0/log4j-core-2.19.0.jar:/root/.m2/repository/org/apache/logging/log4j/log4j-api/2.19.0/log4j-api-2.19.0.jar:/root/.m2/repository/org/json/json/20231013/json-20231013.jar:"/>
    <property name="sun.cpu.endian" value="little"/>
    <property name="user.home" value="/root"/>
    <property name="user.language" value="en"/>
    <property name="java.specification.vendor" value="Oracle Corporation"/>
    <property name="java.version.date" value="2023-08-24"/>
    <property name="java.home" value="/usr/lib/jvm/java-17-openjdk-amd64"/>
    <property name="file.separator" value="/"/>
    <property name="basedir" value="/mnt/c/Users/Mark/.Dev/Dev-Synced/COM0000-Gotesman_Mark_2018243426-GITHUB-PUSH/Parallel/trade-server"/>
    <property name="java.vm.compressedOopsMode" value="Zero based"/>
    <property name="line.separator" value="&#10;"/>
    <property name="java.vm.specification.vendor" value="Oracle Corporation"/>
    <property name="java.specification.name" value="Java Platform API Specification"/>
    <property name="surefire.real.class.path" value="/mnt/c/Users/Mark/.Dev/Dev-Synced/COM0000-Gotesman_Mark_2018243426-GITHUB-PUSH/Parallel/trade-server/target/surefire/surefirebooter-20231124120107149_3.jar"/>
    <property name="sun.management.compiler" value="HotSpot 64-Bit Tiered Compilers"/>
    <property name="java.runtime.version" value="17.0.8.1+1-Ubuntu-0ubuntu122.04"/>
    <property name="user.name" value="root"/>
    <property name="path.separator" value=":"/>
    <property name="os.version" value="5.15.133.1-microsoft-standard-WSL2"/>
    <property name="java.runtime.name" value="OpenJDK Runtime Environment"/>
    <property name="file.encoding" value="UTF-8"/>
    <property name="java.vm.name" value="OpenJDK 64-Bit Server VM"/>
    <property name="localRepository" value="/root/.m2/repository"/>
    <property name="java.vendor.url.bug" value="Unknown"/>
    <property name="java.io.tmpdir" value="/tmp"/>
    <property name="java.version" value="17.0.8.1"/>
    <property name="user.dir" value="/mnt/c/Users/Mark/.Dev/Dev-Synced/COM0000-Gotesman_Mark_2018243426-GITHUB-PUSH/Parallel/trade-server"/>
    <property name="os.arch" value="amd64"/>
    <property name="java.vm.specification.name" value="Java Virtual Machine Specification"/>
    <property name="native.encoding" value="UTF-8"/>
    <property name="java.library.path" value="/usr/java/packages/lib:/usr/lib/x86_64-linux-gnu/jni:/lib/x86_64-linux-gnu:/usr/lib/x86_64-linux-gnu:/usr/lib/jni:/lib:/usr/lib"/>
    <property name="java.vm.info" value="mixed mode, sharing"/>
    <property name="java.vendor" value="Private Build"/>
    <property name="java.vm.version" value="17.0.8.1+1-Ubuntu-0ubuntu122.04"/>
    <property name="sun.io.unicode.encoding" value="UnicodeLittle"/>
    <property name="java.class.version" value="61.0"/>
  </properties>
  <testcase name="BuyRequestTest" classname="PublicAPITest" time="0.068">
    <system-out><![CDATA[12:01:15.465 [Thread-21] INFO  - Application starting
12:01:15.465 [Thread-21] INFO  - Using 10 broker(s)
12:01:15.471 [Thread-21] INFO  - Loaded 15 stocks
12:01:15.471 [Thread-21] INFO  - Started updating of stock prices
12:01:15.472 [Thread-21] INFO  - Server started on port 8080. Press Ctrl+C to stop...
12:01:15.477 [pool-10-thread-1] INFO  - In handleRegisterClient with URI: /register?clientId=1&funds=100000. Request Method: POST
Response status: 200 OK
Response headers: [content-type:"application/json", date:"Fri, 24 Nov 2023 17:01:15 GMT", transfer-encoding:"chunked"]
Contents: {"clientId":"1","stockPositions":{},"accountBalance":100000}
12:01:15.485 [pool-10-thread-2] INFO  - In handleBuyRequest with URI: /buy?clientId=1&shares=5&symbol=AAPL. Request Method: POST
Response status: 200 OK
Response headers: [content-type:"application/json", date:"Fri, 24 Nov 2023 17:01:15 GMT", transfer-encoding:"chunked"]
Contents: {"clientId":"1","stockPositions":{"AAPL":5},"accountBalance":99034.35}
12:01:15.531 [main   ] INFO  - Server stopped.
12:01:15.532 [Thread-21] INFO  - Application exiting
]]></system-out>
  </testcase>
  <testcase name="SellRequestTest" classname="PublicAPITest" time="0.119">
    <system-out><![CDATA[12:01:15.535 [Thread-25] INFO  - Application starting
12:01:15.535 [Thread-25] INFO  - Using 10 broker(s)
12:01:15.541 [Thread-25] INFO  - Loaded 15 stocks
12:01:15.541 [Thread-25] INFO  - Started updating of stock prices
12:01:15.541 [Thread-25] INFO  - Server started on port 8080. Press Ctrl+C to stop...
12:01:15.545 [pool-11-thread-1] INFO  - In handleRegisterClient with URI: /register?clientId=1&funds=100000. Request Method: POST
Response status: 200 OK
Response headers: [content-type:"application/json", date:"Fri, 24 Nov 2023 17:01:15 GMT", transfer-encoding:"chunked"]
Contents: {"clientId":"1","stockPositions":{},"accountBalance":100000}
12:01:15.549 [pool-11-thread-2] INFO  - In handleBuyRequest with URI: /buy?clientId=1&shares=5&symbol=AAPL. Request Method: POST
Response status: 200 OK
Response headers: [content-type:"application/json", date:"Fri, 24 Nov 2023 17:01:15 GMT", transfer-encoding:"chunked"]
Contents: {"clientId":"1","stockPositions":{"AAPL":5},"accountBalance":99034.35}
12:01:15.604 [pool-11-thread-3] INFO  - In handleSellRequest with URI: /sell?clientId=1&shares=5&symbol=AAPL. Request Method: POST
Response status: 200 OK
Response headers: [content-type:"application/json", date:"Fri, 24 Nov 2023 17:01:15 GMT", transfer-encoding:"chunked"]
Contents: {"clientId":"1","stockPositions":{"AAPL":0},"accountBalance":100000}
12:01:15.651 [main   ] INFO  - Server stopped.
12:01:15.652 [Thread-25] INFO  - Application exiting
]]></system-out>
  </testcase>
  <testcase name="GetPricesTest" classname="PublicAPITest" time="0.012">
    <system-out><![CDATA[12:01:15.654 [Thread-29] INFO  - Application starting
12:01:15.655 [Thread-29] INFO  - Using 10 broker(s)
12:01:15.659 [Thread-29] INFO  - Loaded 15 stocks
12:01:15.659 [Thread-29] INFO  - Started updating of stock prices
12:01:15.660 [Thread-29] INFO  - Server started on port 8080. Press Ctrl+C to stop...
12:01:15.663 [pool-12-thread-1] INFO  - In handleGetPrices with URI: /prices. Request Method: GET
Response status: 200 OK
Response headers: [content-type:"application/json", date:"Fri, 24 Nov 2023 17:01:15 GMT", transfer-encoding:"chunked"]
Contents: [{"AAPL":"193.13"},{"CSCO":"52.37"},{"CVX":"156.4"},{"KO":"62.39"},{"HON":"207.96"},{"JPM":"156.15"},{"JNJ":"168.38"},{"GS":"350.86"},{"AMGN":"233.23"},{"IBM":"138.38"},{"INTC":"33.37"},{"CAT":"261.09"},{"AXP":"177.11"},{"HD":"319.09"},{"BA":"213.61"}]
12:01:15.666 [main   ] INFO  - Server stopped.
12:01:15.666 [Thread-29] INFO  - Application exiting
]]></system-out>
  </testcase>
  <testcase name="RegisterClientTest" classname="PublicAPITest" time="0.016">
    <system-out><![CDATA[12:01:15.669 [Thread-33] INFO  - Application starting
12:01:15.669 [Thread-33] INFO  - Using 10 broker(s)
12:01:15.676 [Thread-33] INFO  - Loaded 15 stocks
12:01:15.677 [Thread-33] INFO  - Started updating of stock prices
12:01:15.678 [Thread-33] INFO  - Server started on port 8080. Press Ctrl+C to stop...
12:01:15.681 [pool-13-thread-1] INFO  - In handleRegisterClient with URI: /register?clientId=1&funds=100000. Request Method: POST
Response status: 200 OK
Response headers: [content-type:"application/json", date:"Fri, 24 Nov 2023 17:01:15 GMT", transfer-encoding:"chunked"]
Contents: {"clientId":"1","stockPositions":{},"accountBalance":100000}
12:01:15.684 [main   ] INFO  - Server stopped.
12:01:15.684 [Thread-33] INFO  - Application exiting
]]></system-out>
  </testcase>
  <testcase name="GetMarketValueTest" classname="PublicAPITest" time="0.076">
    <system-out><![CDATA[12:01:15.687 [Thread-37] INFO  - Application starting
12:01:15.687 [Thread-37] INFO  - Using 10 broker(s)
12:01:15.694 [Thread-37] INFO  - Loaded 15 stocks
12:01:15.695 [Thread-37] INFO  - Started updating of stock prices
12:01:15.695 [Thread-37] INFO  - Server started on port 8080. Press Ctrl+C to stop...
12:01:15.709 [pool-14-thread-1] INFO  - In handleRegisterClient with URI: /register?clientId=1&funds=100000. Request Method: POST
Response status: 200 OK
Response headers: [content-type:"application/json", date:"Fri, 24 Nov 2023 17:01:15 GMT", transfer-encoding:"chunked"]
Contents: {"clientId":"1","stockPositions":{},"accountBalance":100000}
12:01:15.715 [pool-14-thread-2] INFO  - In handleGetMarketValue with URI: /marketvalue?clientId=1. Request Method: GET
Response status: 200 OK
Response headers: [content-type:"application/json", date:"Fri, 24 Nov 2023 17:01:15 GMT", transfer-encoding:"chunked"]
Contents: {"marketvalue":0}
12:01:15.761 [main   ] INFO  - Server stopped.
12:01:15.761 [Thread-37] INFO  - Application exiting
]]></system-out>
  </testcase>
  <testcase name="GetPortfolioTest" classname="PublicAPITest" time="0.069">
    <system-out><![CDATA[12:01:15.765 [Thread-41] INFO  - Application starting
12:01:15.765 [Thread-41] INFO  - Using 10 broker(s)
12:01:15.774 [Thread-41] INFO  - Loaded 15 stocks
12:01:15.774 [Thread-41] INFO  - Started updating of stock prices
12:01:15.775 [Thread-41] INFO  - Server started on port 8080. Press Ctrl+C to stop...
12:01:15.778 [pool-15-thread-1] INFO  - In handleRegisterClient with URI: /register?clientId=1&funds=100000. Request Method: POST
Response status: 200 OK
Response headers: [content-type:"application/json", date:"Fri, 24 Nov 2023 17:01:15 GMT", transfer-encoding:"chunked"]
Contents: {"clientId":"1","stockPositions":{},"accountBalance":100000}
12:01:15.781 [pool-15-thread-2] INFO  - In handleGetPortfolio with URI: /portfolio?clientId=1. Request Method: GET
Response status: 200 OK
Response headers: [content-type:"application/json", date:"Fri, 24 Nov 2023 17:01:15 GMT", transfer-encoding:"chunked"]
Contents: {"clientId":"1","stockPositions":{},"accountBalance":100000}
12:01:15.831 [main   ] INFO  - Server stopped.
12:01:15.831 [Thread-41] INFO  - Application exiting
]]></system-out>
  </testcase>
</testsuite>